#
# A fatal error has been detected by the Java Runtime Environment:
#
#  SIGSEGV (0xb) at pc=0x009700b6, pid=2640, tid=3018529648
#
# JRE version: 6.0_20-b20
# Java VM: OpenJDK Client VM (19.0-b09 mixed mode, sharing linux-x86 )
# Derivative: IcedTea6 1.9.2
# Distribution: Ubuntu 10.10, package 6b20-1.9.2-0ubuntu2
# Problematic frame:
# C  [libpthread.so.0+0xb0b6]  pthread_spin_lock+0x6
#
# If you would like to submit a bug report, please include
# instructions how to reproduce the bug and visit:
#   https://bugs.launchpad.net/ubuntu/+source/openjdk-6/
# The crash happened outside the Java Virtual Machine in native code.
# See problematic frame for where to report the bug.
#

---------------  T H R E A D  ---------------

Current thread (0x096ac400):  JavaThread "pool-10-thread-1" [_thread_in_native, id=2882, stack(0xb3e61000,0xb3eb2000)]

siginfo:si_signo=SIGSEGV: si_errno=0, si_code=1 (SEGV_MAPERR), si_addr=0xffffffe9

Registers:
EAX=0xffffffe9, EBX=0x051c2ff4, ECX=0x00000019, EDX=0x0096ce6f
ESP=0xb3eb044c, EBP=0xb3eb044c, ESI=0x00000001, EDI=0xffffffe9
EIP=0x009700b6, CR2=0xffffffe9, EFLAGS=0x00010212

Register to memory mapping:

EAX=0xffffffe9
0xffffffe9 is pointing to unknown location

EBX=0x051c2ff4
0x051c2ff4: <offset 0xe8ff4> in /usr/lib/libvlccore.so.4 at 0x050da000

ECX=0x00000019
0x00000019 is pointing to unknown location

EDX=0x0096ce6f
0x0096ce6f: <offset 0x7e6f> in /lib/libpthread.so.0 at 0x00965000

ESP=0xb3eb044c
0xb3eb044c is pointing into the stack for thread: 0x096ac400
"pool-10-thread-1" prio=10 tid=0x096ac400 nid=0xb42 runnable [0xb3eb0000]
   java.lang.Thread.State: RUNNABLE

EBP=0xb3eb044c
0xb3eb044c is pointing into the stack for thread: 0x096ac400
"pool-10-thread-1" prio=10 tid=0x096ac400 nid=0xb42 runnable [0xb3eb0000]
   java.lang.Thread.State: RUNNABLE

ESI=0x00000001
0x00000001 is pointing to unknown location

EDI=0xffffffe9
0xffffffe9 is pointing to unknown location


Top of Stack: (sp=0xb3eb044c)
0xb3eb044c:   ffffff85 051875e0 ffffffe9 099c7038
0xb3eb045c:   b3eb0508 0519078b 099c7038 00000000
0xb3eb046c:   00000000 0092cff4 00000001 099c7038
0xb3eb047c:   b3eb0508 00925398 00000001 00000000
0xb3eb048c:   00defd2e 00000000 0092cff4 00000000
0xb3eb049c:   b3eb04f0 0091e914 099c6ffc 00000000
0xb3eb04ac:   01008ff4 09aa37b8 6faa0050 b3eb04d8
0xb3eb04bc:   00dab88e 0022721f 0092cff4 00000000 

Instructions: (pc=0x009700b6)
0x009700a6:   c3 90 90 90 90 90 90 90 90 90 55 89 e5 8b 45 08
0x009700b6:   f0 ff 08 75 05 31 c0 5d c3 90 f3 90 83 38 00 7f 

Stack: [0xb3e61000,0xb3eb2000],  sp=0xb3eb044c,  free space=317k
Native frames: (J=compiled Java code, j=interpreted, Vv=VM code, C=native code)
C  [libpthread.so.0+0xb0b6]  pthread_spin_lock+0x6

Java frames: (J=compiled Java code, j=interpreted, Vv=VM code)
j  com.sun.jna.Function.invokeInt(I[Ljava/lang/Object;)I+0
j  com.sun.jna.Function.invoke([Ljava/lang/Object;Ljava/lang/Class;Z)Ljava/lang/Object;+315
J  com.sun.jna.Function.invoke(Ljava/lang/Class;[Ljava/lang/Object;Ljava/util/Map;)Ljava/lang/Object;
j  com.sun.jna.Library$Handler.invoke(Ljava/lang/Object;Ljava/lang/reflect/Method;[Ljava/lang/Object;)Ljava/lang/Object;+341
j  com.sun.jna.Native$4.invoke(Ljava/lang/Object;Ljava/lang/reflect/Method;[Ljava/lang/Object;)Ljava/lang/Object;+21
j  $Proxy0.libvlc_media_player_has_vout(Luk/co/caprica/vlcj/binding/internal/libvlc_media_player_t;)I+16
v  ~StubRoutines::call_stub
j  sun.reflect.NativeMethodAccessorImpl.invoke0(Ljava/lang/reflect/Method;Ljava/lang/Object;[Ljava/lang/Object;)Ljava/lang/Object;+0
j  sun.reflect.NativeMethodAccessorImpl.invoke(Ljava/lang/Object;[Ljava/lang/Object;)Ljava/lang/Object;+87
J  sun.reflect.DelegatingMethodAccessorImpl.invoke(Ljava/lang/Object;[Ljava/lang/Object;)Ljava/lang/Object;
J  java.lang.reflect.Method.invoke(Ljava/lang/Object;[Ljava/lang/Object;)Ljava/lang/Object;
j  uk.co.caprica.vlcj.binding.LoggingProxy.invoke(Ljava/lang/Object;Ljava/lang/reflect/Method;[Ljava/lang/Object;)Ljava/lang/Object;+12
j  $Proxy0.libvlc_media_player_has_vout(Luk/co/caprica/vlcj/binding/internal/libvlc_media_player_t;)I+16
j  uk.co.caprica.vlcj.player.MediaPlayer.getVideoOutputs()I+17
j  uk.co.caprica.vlcj.player.MediaPlayer$NotifyMetaRunnable.run()V+37
j  java.util.concurrent.Executors$RunnableAdapter.call()Ljava/lang/Object;+4
j  java.util.concurrent.FutureTask$Sync.innerRun()V+29
j  java.util.concurrent.FutureTask.run()V+4
j  java.util.concurrent.ThreadPoolExecutor.runWorker(Ljava/util/concurrent/ThreadPoolExecutor$Worker;)V+46
j  java.util.concurrent.ThreadPoolExecutor$Worker.run()V+5
j  java.lang.Thread.run()V+11
v  ~StubRoutines::call_stub

---------------  P R O C E S S  ---------------

Java Threads: ( => current thread )
  0x099eec00 JavaThread "pool-12-thread-1" [_thread_blocked, id=2904, stack(0xb3d3e000,0xb3d8f000)]
  0x099cc400 JavaThread "pool-11-thread-1" [_thread_blocked, id=2899, stack(0xb3e10000,0xb3e61000)]
  0x099c5800 JavaThread "Thread-289" [_thread_blocked, id=2889, stack(0xb488e000,0xb48df000)]
=>0x096ac400 JavaThread "pool-10-thread-1" [_thread_in_native, id=2882, stack(0xb3e61000,0xb3eb2000)]
  0x09aa5800 JavaThread "Thread-280" [_thread_blocked, id=2872, stack(0xb3f33000,0xb3f84000)]
  0x099c6400 JavaThread "Thread-279" [_thread_blocked, id=2869, stack(0xb3bbb000,0xb3c0c000)]
  0x099b9000 JavaThread "Thread-4" [_thread_blocked, id=2676, stack(0xb4960000,0xb49b1000)]
  0x09931800 JavaThread "Thread-3" [_thread_blocked, id=2673, stack(0xb4a32000,0xb4a83000)]
  0x09925400 JavaThread "Thread-2" [_thread_blocked, id=2670, stack(0xb4a83000,0xb4ad4000)]
  0x097f5c00 JavaThread "TimerQueue" daemon [_thread_blocked, id=2664, stack(0xb4b56000,0xb4ba7000)]
  0x09687800 JavaThread "DestroyJavaVM" [_thread_blocked, id=2642, stack(0xb7745000,0xb7796000)]
  0x097d5000 JavaThread "AWT-EventQueue-0" [_thread_blocked, id=2663, stack(0xb4ba7000,0xb4bf8000)]
  0x097d4800 JavaThread "AWT-Shutdown" [_thread_blocked, id=2662, stack(0xb4bf9000,0xb4c4a000)]
  0x097c7800 JavaThread "AWT-XAWT" daemon [_thread_in_native, id=2656, stack(0xb4c4a000,0xb4c9b000)]
  0x0976b800 JavaThread "Java2D Disposer" daemon [_thread_blocked, id=2653, stack(0xb4db9000,0xb4e0a000)]
  0x096c3000 JavaThread "Low Memory Detector" daemon [_thread_blocked, id=2651, stack(0xb4eb8000,0xb4f09000)]
  0x096c1000 JavaThread "CompilerThread0" daemon [_thread_blocked, id=2650, stack(0xb4f09000,0xb4f8a000)]
  0x096bf400 JavaThread "Signal Dispatcher" daemon [_thread_blocked, id=2649, stack(0xb4f8a000,0xb4fdb000)]
  0x096b7c00 JavaThread "Finalizer" daemon [_thread_blocked, id=2648, stack(0xb51dc000,0xb522d000)]
  0x096b6000 JavaThread "Reference Handler" daemon [_thread_blocked, id=2647, stack(0xb522d000,0xb527e000)]

Other Threads:
  0x096b4800 VMThread [stack: 0xb527e000,0xb52ff000] [id=2646]
  0x096cec00 WatcherThread [stack: 0xb4e37000,0xb4eb8000] [id=2652]

VM state:not at safepoint (normal execution)

VM Mutex/Monitor currently owned by a thread: None

Heap
 def new generation   total 4928K, used 3416K [0x6f920000, 0x6fe70000, 0x7a3c0000)
  eden space 4416K,  65% used [0x6f920000, 0x6fbf6350, 0x6fd70000)
  from space 512K,  99% used [0x6fdf0000, 0x6fe6fff8, 0x6fe70000)
  to   space 512K,   0% used [0x6fd70000, 0x6fd70000, 0x6fdf0000)
 tenured generation   total 10944K, used 5480K [0x7a3c0000, 0x7ae70000, 0x8f920000)
   the space 10944K,  50% used [0x7a3c0000, 0x7a91a380, 0x7a91a400, 0x7ae70000)
 compacting perm gen  total 12288K, used 2775K [0x8f920000, 0x90520000, 0x93920000)
   the space 12288K,  22% used [0x8f920000, 0x8fbd5e70, 0x8fbd6000, 0x90520000)
    ro space 10240K,  73% used [0x93920000, 0x94076c20, 0x94076e00, 0x94320000)
    rw space 12288K,  60% used [0x94320000, 0x94a5f8b0, 0x94a5fa00, 0x94f20000)

Dynamic libraries:
00110000-00267000 r-xp 00000000 08:01 1312201    /lib/libc-2.12.1.so
00267000-00269000 r--p 00157000 08:01 1312201    /lib/libc-2.12.1.so
00269000-0026a000 rw-p 00159000 08:01 1312201    /lib/libc-2.12.1.so
0026a000-0026d000 rw-p 00000000 00:00 0 
0026d000-00278000 r-xp 00000000 08:01 264693     /usr/lib/jvm/java-6-openjdk/jre/lib/i386/libverify.so
00278000-00279000 ---p 0000b000 08:01 264693     /usr/lib/jvm/java-6-openjdk/jre/lib/i386/libverify.so
00279000-0027a000 r--p 0000b000 08:01 264693     /usr/lib/jvm/java-6-openjdk/jre/lib/i386/libverify.so
0027a000-0027b000 rw-p 0000c000 08:01 264693     /usr/lib/jvm/java-6-openjdk/jre/lib/i386/libverify.so
0027b000-0029d000 r-xp 00000000 08:01 264677     /usr/lib/jvm/java-6-openjdk/jre/lib/i386/libjava.so
0029d000-0029e000 r--p 00021000 08:01 264677     /usr/lib/jvm/java-6-openjdk/jre/lib/i386/libjava.so
0029e000-002a0000 rw-p 00022000 08:01 264677     /usr/lib/jvm/java-6-openjdk/jre/lib/i386/libjava.so
002a0000-002b3000 r-xp 00000000 08:01 1312207    /lib/libnsl-2.12.1.so
002b3000-002b4000 r--p 00012000 08:01 1312207    /lib/libnsl-2.12.1.so
002b4000-002b5000 rw-p 00013000 08:01 1312207    /lib/libnsl-2.12.1.so
002b5000-002b7000 rw-p 00000000 00:00 0 
002b7000-002bd000 r-xp 00000000 08:01 1312208    /lib/libnss_compat-2.12.1.so
002bd000-002be000 r--p 00006000 08:01 1312208    /lib/libnss_compat-2.12.1.so
002be000-002bf000 rw-p 00007000 08:01 1312208    /lib/libnss_compat-2.12.1.so
002bf000-002c9000 r-xp 00000000 08:01 1312210    /lib/libnss_files-2.12.1.so
002c9000-002ca000 r--p 00009000 08:01 1312210    /lib/libnss_files-2.12.1.so
002ca000-002cb000 rw-p 0000a000 08:01 1312210    /lib/libnss_files-2.12.1.so
002cb000-002d1000 r-xp 00000000 08:01 264694     /usr/lib/jvm/java-6-openjdk/jre/lib/i386/libzip.so
002d1000-002d2000 r--p 00005000 08:01 264694     /usr/lib/jvm/java-6-openjdk/jre/lib/i386/libzip.so
002d2000-002d3000 rw-p 00006000 08:01 264694     /usr/lib/jvm/java-6-openjdk/jre/lib/i386/libzip.so
002d3000-00316000 r-xp 00000000 08:01 265127     /usr/lib/jvm/java-6-openjdk/jre/lib/i386/xawt/libmawt.so
00316000-00317000 r--p 00042000 08:01 265127     /usr/lib/jvm/java-6-openjdk/jre/lib/i386/xawt/libmawt.so
00317000-00319000 rw-p 00043000 08:01 265127     /usr/lib/jvm/java-6-openjdk/jre/lib/i386/xawt/libmawt.so
00319000-0031a000 rw-p 00000000 00:00 0 
0031a000-00322000 r-xp 00000000 08:01 273240     /usr/lib/libXrender.so.1.3.0
00322000-00323000 r--p 00007000 08:01 273240     /usr/lib/libXrender.so.1.3.0
00323000-00324000 rw-p 00008000 08:01 273240     /usr/lib/libXrender.so.1.3.0
00324000-00328000 r-xp 00000000 08:01 265433     /usr/lib/libXtst.so.6.1.0
00328000-00329000 r--p 00003000 08:01 265433     /usr/lib/libXtst.so.6.1.0
00329000-0032a000 rw-p 00004000 08:01 265433     /usr/lib/libXtst.so.6.1.0
0032a000-00336000 r-xp 00000000 08:01 263090     /usr/lib/libXi.so.6.1.0
00336000-00337000 r--p 0000b000 08:01 263090     /usr/lib/libXi.so.6.1.0
00337000-00338000 rw-p 0000c000 08:01 263090     /usr/lib/libXi.so.6.1.0
00338000-00350000 r-xp 00000000 08:01 273213     /usr/lib/libxcb.so.1.1.0
00350000-00351000 r--p 00017000 08:01 273213     /usr/lib/libxcb.so.1.1.0
00351000-00352000 rw-p 00018000 08:01 273213     /usr/lib/libxcb.so.1.1.0
00352000-00354000 r-xp 00000000 08:01 265765     /usr/lib/libXau.so.6.0.0
00354000-00355000 r--p 00001000 08:01 265765     /usr/lib/libXau.so.6.0.0
00355000-00356000 rw-p 00002000 08:01 265765     /usr/lib/libXau.so.6.0.0
00356000-0035a000 r-xp 00000000 08:01 273204     /usr/lib/libXdmcp.so.6.0.0
0035a000-0035b000 r--p 00003000 08:01 273204     /usr/lib/libXdmcp.so.6.0.0
0035b000-0035c000 rw-p 00004000 08:01 273204     /usr/lib/libXdmcp.so.6.0.0
0035c000-00376000 r-xp 00000000 08:01 1310752    /lib/libgcc_s.so.1
00376000-00377000 r--p 00019000 08:01 1310752    /lib/libgcc_s.so.1
00377000-00378000 rw-p 0001a000 08:01 1310752    /lib/libgcc_s.so.1
00378000-0037c000 r-xp 00000000 08:01 263055     /usr/lib/libXfixes.so.3.1.0
0037c000-0037d000 r--p 00003000 08:01 263055     /usr/lib/libXfixes.so.3.1.0
0037d000-0037e000 rw-p 00004000 08:01 263055     /usr/lib/libXfixes.so.3.1.0
0037e000-00384000 r-xp 00000000 08:01 295036     /usr/lib/vlc/plugins/audio_output/libalsa_plugin.so
00384000-00385000 r--p 00005000 08:01 295036     /usr/lib/vlc/plugins/audio_output/libalsa_plugin.so
00385000-00386000 rw-p 00006000 08:01 295036     /usr/lib/vlc/plugins/audio_output/libalsa_plugin.so
00386000-00387000 r-xs 00000000 08:01 135228     /tmp/ffikn7i6U (deleted)
00387000-00388000 r-xp 00000000 00:00 0          [vdso]
00388000-003cc000 r-xp 00000000 08:01 264669     /usr/lib/jvm/java-6-openjdk/jre/lib/i386/libfontmanager.so
003cc000-003ce000 r--p 00043000 08:01 264669     /usr/lib/jvm/java-6-openjdk/jre/lib/i386/libfontmanager.so
003ce000-003cf000 rw-p 00045000 08:01 264669     /usr/lib/jvm/java-6-openjdk/jre/lib/i386/libfontmanager.so
003cf000-003d4000 rw-p 00000000 00:00 0 
003d6000-003d9000 r-xp 00000000 08:01 264664     /usr/lib/jvm/java-6-openjdk/jre/lib/i386/jli/libjli.so
003d9000-003da000 r--p 00002000 08:01 264664     /usr/lib/jvm/java-6-openjdk/jre/lib/i386/jli/libjli.so
003da000-003db000 rw-p 00003000 08:01 264664     /usr/lib/jvm/java-6-openjdk/jre/lib/i386/jli/libjli.so
003db000-003ef000 r-xp 00000000 08:01 264687     /usr/lib/jvm/java-6-openjdk/jre/lib/i386/libnet.so
003ef000-003f0000 r--p 00013000 08:01 264687     /usr/lib/jvm/java-6-openjdk/jre/lib/i386/libnet.so
003f0000-003f1000 rw-p 00014000 08:01 264687     /usr/lib/jvm/java-6-openjdk/jre/lib/i386/libnet.so
003f1000-0042b000 r-xp 00000000 08:01 1310749    /lib/libdbus-1.so.3.5.2
0042b000-0042c000 r--p 00039000 08:01 1310749    /lib/libdbus-1.so.3.5.2
0042c000-0042d000 rw-p 0003a000 08:01 1310749    /lib/libdbus-1.so.3.5.2
0042d000-0042f000 r-xp 00000000 08:01 295047     /usr/lib/vlc/plugins/mmxext/libmemcpymmxext_plugin.so
0042f000-00430000 r--p 00001000 08:01 295047     /usr/lib/vlc/plugins/mmxext/libmemcpymmxext_plugin.so
00430000-00431000 rw-p 00002000 08:01 295047     /usr/lib/vlc/plugins/mmxext/libmemcpymmxext_plugin.so
00431000-00433000 r-xp 00000000 08:01 1312204    /lib/libdl-2.12.1.so
00433000-00434000 r--p 00001000 08:01 1312204    /lib/libdl-2.12.1.so
00434000-00435000 rw-p 00002000 08:01 1312204    /lib/libdl-2.12.1.so
00435000-004a7000 r-xp 00000000 08:01 262745     /usr/lib/libfreetype.so.6.6.0
004a7000-004ab000 r--p 00071000 08:01 262745     /usr/lib/libfreetype.so.6.6.0
004ab000-004ac000 rw-p 00075000 08:01 262745     /usr/lib/libfreetype.so.6.6.0
004ac000-004bd000 r-xp 00000000 08:01 294967     /usr/lib/vlc/plugins/access/libaccess_bd_plugin.so
004bd000-004be000 r--p 00010000 08:01 294967     /usr/lib/vlc/plugins/access/libaccess_bd_plugin.so
004be000-004bf000 rw-p 00011000 08:01 294967     /usr/lib/vlc/plugins/access/libaccess_bd_plugin.so
004bf000-004d4000 r-xp 00000000 08:01 263290     /usr/lib/libdvdnav.so.4.1.3
004d4000-004d5000 r--p 00014000 08:01 263290     /usr/lib/libdvdnav.so.4.1.3
004d5000-004d6000 rw-p 00015000 08:01 263290     /usr/lib/libdvdnav.so.4.1.3
004d6000-004d8000 r-xp 00000000 08:01 294958     /usr/lib/vlc/plugins/access/libaccess_mmap_plugin.so
004d8000-004d9000 r--p 00001000 08:01 294958     /usr/lib/vlc/plugins/access/libaccess_mmap_plugin.so
004d9000-004da000 rw-p 00002000 08:01 294958     /usr/lib/vlc/plugins/access/libaccess_mmap_plugin.so
004da000-004de000 r-xp 00000000 08:01 294970     /usr/lib/vlc/plugins/access/libfilesystem_plugin.so
004de000-004df000 r--p 00003000 08:01 294970     /usr/lib/vlc/plugins/access/libfilesystem_plugin.so
004df000-004e0000 rw-p 00004000 08:01 294970     /usr/lib/vlc/plugins/access/libfilesystem_plugin.so
004e0000-004e1000 r-xp 00000000 08:01 265917     /usr/lib/libX11-xcb.so.1.0.0
004e1000-004e2000 r--p 00000000 08:01 265917     /usr/lib/libX11-xcb.so.1.0.0
004e2000-004e3000 rw-p 00001000 08:01 265917     /usr/lib/libX11-xcb.so.1.0.0
004e3000-00507000 r-xp 00000000 08:01 1312205    /lib/libm-2.12.1.so
00507000-00508000 r--p 00023000 08:01 1312205    /lib/libm-2.12.1.so
00508000-00509000 rw-p 00024000 08:01 1312205    /lib/libm-2.12.1.so
00509000-0050c000 r-xp 00000000 08:01 294862     /usr/lib/vlc/plugins/stream_filter/libdecomp_plugin.so
0050c000-0050d000 r--p 00002000 08:01 294862     /usr/lib/vlc/plugins/stream_filter/libdecomp_plugin.so
0050d000-0050e000 rw-p 00003000 08:01 294862     /usr/lib/vlc/plugins/stream_filter/libdecomp_plugin.so
0050e000-00514000 r-xp 00000000 08:01 294965     /usr/lib/vlc/plugins/access/libzip_plugin.so
00514000-00515000 r--p 00005000 08:01 294965     /usr/lib/vlc/plugins/access/libzip_plugin.so
00515000-00516000 rw-p 00006000 08:01 294965     /usr/lib/vlc/plugins/access/libzip_plugin.so
00516000-00518000 r-xp 00000000 08:01 294864     /usr/lib/vlc/plugins/stream_filter/libstream_filter_record_plugin.so
00518000-00519000 r--p 00001000 08:01 294864     /usr/lib/vlc/plugins/stream_filter/libstream_filter_record_plugin.so
00519000-0051a000 rw-p 00002000 08:01 294864     /usr/lib/vlc/plugins/stream_filter/libstream_filter_record_plugin.so
0051a000-00530000 r-xp 00000000 08:01 294905     /usr/lib/vlc/plugins/demux/libplaylist_plugin.so
00530000-00531000 r--p 00015000 08:01 294905     /usr/lib/vlc/plugins/demux/libplaylist_plugin.so
00531000-00532000 rw-p 00016000 08:01 294905     /usr/lib/vlc/plugins/demux/libplaylist_plugin.so
00532000-0053d000 r-xp 00000000 08:01 294798     /usr/lib/vlc/plugins/meta_engine/libtaglib_plugin.so
0053d000-0053e000 r--p 0000a000 08:01 294798     /usr/lib/vlc/plugins/meta_engine/libtaglib_plugin.so
0053e000-0053f000 rw-p 0000b000 08:01 294798     /usr/lib/vlc/plugins/meta_engine/libtaglib_plugin.so
0053f000-00541000 r-xp 00000000 08:01 294998     /usr/lib/vlc/plugins/misc/libxml_plugin.so
00541000-00542000 r--p 00001000 08:01 294998     /usr/lib/vlc/plugins/misc/libxml_plugin.so
00542000-00543000 rw-p 00002000 08:01 294998     /usr/lib/vlc/plugins/misc/libxml_plugin.so
00543000-0054b000 r-xp 00000000 08:01 294975     /usr/lib/vlc/plugins/access/libaccess_http_plugin.so
0054b000-0054c000 r--p 00007000 08:01 294975     /usr/lib/vlc/plugins/access/libaccess_http_plugin.so
0054c000-0054d000 rw-p 00008000 08:01 294975     /usr/lib/vlc/plugins/access/libaccess_http_plugin.so
0054f000-00558000 r-xp 00000000 08:01 1312212    /lib/libnss_nis-2.12.1.so
00558000-00559000 r--p 00008000 08:01 1312212    /lib/libnss_nis-2.12.1.so
00559000-0055a000 rw-p 00009000 08:01 1312212    /lib/libnss_nis-2.12.1.so
0055a000-00560000 r-xp 00000000 08:01 265802     /usr/lib/libproxy.so.0.0.0
00560000-00561000 r--p 00005000 08:01 265802     /usr/lib/libproxy.so.0.0.0
00561000-00562000 rw-p 00006000 08:01 265802     /usr/lib/libproxy.so.0.0.0
00562000-00566000 r-xp 00000000 08:01 1312209    /lib/libnss_dns-2.12.1.so
00566000-00567000 r--p 00004000 08:01 1312209    /lib/libnss_dns-2.12.1.so
00567000-00568000 rw-p 00005000 08:01 1312209    /lib/libnss_dns-2.12.1.so
00568000-0056c000 r-xp 00000000 08:01 294899     /usr/lib/vlc/plugins/demux/libes_plugin.so
0056c000-0056d000 r--p 00003000 08:01 294899     /usr/lib/vlc/plugins/demux/libes_plugin.so
0056d000-0056e000 rw-p 00004000 08:01 294899     /usr/lib/vlc/plugins/demux/libes_plugin.so
0056e000-00572000 r-xp 00000000 08:01 294887     /usr/lib/vlc/plugins/demux/libflacsys_plugin.so
00572000-00573000 r--p 00003000 08:01 294887     /usr/lib/vlc/plugins/demux/libflacsys_plugin.so
00573000-00574000 rw-p 00004000 08:01 294887     /usr/lib/vlc/plugins/demux/libflacsys_plugin.so
00575000-00577000 r-xp 00000000 08:01 294863     /usr/lib/vlc/plugins/stream_filter/libstream_filter_rar_plugin.so
00577000-00578000 r--p 00001000 08:01 294863     /usr/lib/vlc/plugins/stream_filter/libstream_filter_rar_plugin.so
00578000-00579000 rw-p 00002000 08:01 294863     /usr/lib/vlc/plugins/stream_filter/libstream_filter_rar_plugin.so
00579000-0058a000 r-xp 00000000 08:01 294883     /usr/lib/vlc/plugins/demux/libavi_plugin.so
0058a000-0058b000 r--p 00010000 08:01 294883     /usr/lib/vlc/plugins/demux/libavi_plugin.so
0058b000-0058c000 rw-p 00011000 08:01 294883     /usr/lib/vlc/plugins/demux/libavi_plugin.so
0058c000-0058d000 r-xp 00000000 08:01 294859     /usr/lib/vlc/plugins/audio_mixer/libfloat32_mixer_plugin.so
0058d000-0058e000 r--p 00001000 08:01 294859     /usr/lib/vlc/plugins/audio_mixer/libfloat32_mixer_plugin.so
0058e000-0058f000 rw-p 00002000 08:01 294859     /usr/lib/vlc/plugins/audio_mixer/libfloat32_mixer_plugin.so
0058f000-005ab000 r-xp 00000000 08:01 1312196    /lib/ld-2.12.1.so
005ab000-005ac000 r--p 0001b000 08:01 1312196    /lib/ld-2.12.1.so
005ac000-005ad000 rw-p 0001c000 08:01 1312196    /lib/ld-2.12.1.so
005ad000-005cd000 r-xp 00000000 08:01 295002     /usr/lib/vlc/plugins/misc/liblua_plugin.so
005cd000-005ce000 r--p 00020000 08:01 295002     /usr/lib/vlc/plugins/misc/liblua_plugin.so
005ce000-005cf000 rw-p 00021000 08:01 295002     /usr/lib/vlc/plugins/misc/liblua_plugin.so
005cf000-005f4000 r-xp 00000000 08:01 263849     /usr/lib/liblua5.1.so.0.0.0
005f4000-005f5000 r--p 00024000 08:01 263849     /usr/lib/liblua5.1.so.0.0.0
005f5000-005f6000 rw-p 00025000 08:01 263849     /usr/lib/liblua5.1.so.0.0.0
005f6000-005f8000 r-xp 00000000 08:01 294900     /usr/lib/vlc/plugins/demux/libmpc_plugin.so
005f8000-005f9000 r--p 00001000 08:01 294900     /usr/lib/vlc/plugins/demux/libmpc_plugin.so
005f9000-005fa000 rw-p 00002000 08:01 294900     /usr/lib/vlc/plugins/demux/libmpc_plugin.so
005fa000-005fb000 r-xp 00000000 08:01 294795     /usr/lib/vlc/plugins/audio_filter/liba52tospdif_plugin.so
005fb000-005fc000 r--p 00000000 08:01 294795     /usr/lib/vlc/plugins/audio_filter/liba52tospdif_plugin.so
005fc000-005fd000 rw-p 00001000 08:01 294795     /usr/lib/vlc/plugins/audio_filter/liba52tospdif_plugin.so
005fd000-005ff000 r-xp 00000000 08:01 294992     /usr/lib/vlc/plugins/misc/libinhibit_plugin.so
005ff000-00600000 r--p 00001000 08:01 294992     /usr/lib/vlc/plugins/misc/libinhibit_plugin.so
00600000-00601000 rw-p 00002000 08:01 294992     /usr/lib/vlc/plugins/misc/libinhibit_plugin.so
00601000-0060d000 r-xp 00000000 08:01 294877     /usr/lib/vlc/plugins/demux/libasf_plugin.so
0060d000-0060e000 ---p 0000c000 08:01 294877     /usr/lib/vlc/plugins/demux/libasf_plugin.so
0060e000-0060f000 r--p 0000c000 08:01 294877     /usr/lib/vlc/plugins/demux/libasf_plugin.so
0060f000-00610000 rw-p 0000d000 08:01 294877     /usr/lib/vlc/plugins/demux/libasf_plugin.so
00610000-0061d000 r-xp 00000000 08:01 270533     /usr/lib/libmpcdec.so.6.1.0
0061d000-0061e000 r--p 0000c000 08:01 270533     /usr/lib/libmpcdec.so.6.1.0
0061e000-00620000 rw-p 0000d000 08:01 270533     /usr/lib/libmpcdec.so.6.1.0
00621000-0062b000 r-xp 00000000 08:01 294964     /usr/lib/vlc/plugins/access/libdvdnav_plugin.so
0062b000-0062c000 r--p 00009000 08:01 294964     /usr/lib/vlc/plugins/access/libdvdnav_plugin.so
0062c000-0062d000 rw-p 0000a000 08:01 294964     /usr/lib/vlc/plugins/access/libdvdnav_plugin.so
0062d000-00652000 r-xp 00000000 08:01 294889     /usr/lib/vlc/plugins/demux/libmp4_plugin.so
00652000-00653000 r--p 00024000 08:01 294889     /usr/lib/vlc/plugins/demux/libmp4_plugin.so
00653000-00654000 rw-p 00025000 08:01 294889     /usr/lib/vlc/plugins/demux/libmp4_plugin.so
00654000-00658000 r-xp 00000000 08:01 294904     /usr/lib/vlc/plugins/demux/libnuv_plugin.so
00658000-00659000 r--p 00003000 08:01 294904     /usr/lib/vlc/plugins/demux/libnuv_plugin.so
00659000-0065a000 rw-p 00004000 08:01 294904     /usr/lib/vlc/plugins/demux/libnuv_plugin.so
0065a000-0065d000 r-xp 00000000 08:01 294890     /usr/lib/vlc/plugins/demux/libwav_plugin.so
0065d000-0065e000 r--p 00002000 08:01 294890     /usr/lib/vlc/plugins/demux/libwav_plugin.so
0065e000-0065f000 rw-p 00003000 08:01 294890     /usr/lib/vlc/plugins/demux/libwav_plugin.so
0065f000-00661000 r-xp 00000000 08:01 294901     /usr/lib/vlc/plugins/demux/libdirac_plugin.so
00661000-00662000 r--p 00001000 08:01 294901     /usr/lib/vlc/plugins/demux/libdirac_plugin.so
00662000-00663000 rw-p 00002000 08:01 294901     /usr/lib/vlc/plugins/demux/libdirac_plugin.so
00663000-0066a000 r-xp 00000000 08:01 1312218    /lib/librt-2.12.1.so
0066a000-0066b000 r--p 00006000 08:01 1312218    /lib/librt-2.12.1.so
0066b000-0066c000 rw-p 00007000 08:01 1312218    /lib/librt-2.12.1.so
0066c000-00785000 r-xp 00000000 08:01 273236     /usr/lib/libX11.so.6.3.0
00785000-00786000 r--p 00118000 08:01 273236     /usr/lib/libX11.so.6.3.0
00786000-00788000 rw-p 00119000 08:01 273236     /usr/lib/libX11.so.6.3.0
00788000-00789000 rw-p 00000000 00:00 0 
00789000-00790000 r-xp 00000000 08:01 294852     /usr/lib/vlc/plugins/services_discovery/libsap_plugin.so
00790000-00791000 r--p 00006000 08:01 294852     /usr/lib/vlc/plugins/services_discovery/libsap_plugin.so
00791000-00792000 rw-p 00007000 08:01 294852     /usr/lib/vlc/plugins/services_discovery/libsap_plugin.so
00792000-00799000 r-xp 00000000 08:01 294888     /usr/lib/vlc/plugins/demux/libreal_plugin.so
00799000-0079a000 r--p 00006000 08:01 294888     /usr/lib/vlc/plugins/demux/libreal_plugin.so
0079a000-0079b000 rw-p 00007000 08:01 294888     /usr/lib/vlc/plugins/demux/libreal_plugin.so
0079b000-007a8000 r-xp 00000000 08:01 294909     /usr/lib/vlc/plugins/demux/libogg_plugin.so
007a8000-007a9000 r--p 0000d000 08:01 294909     /usr/lib/vlc/plugins/demux/libogg_plugin.so
007a9000-007aa000 rw-p 0000e000 08:01 294909     /usr/lib/vlc/plugins/demux/libogg_plugin.so
007aa000-007af000 r-xp 00000000 08:01 269539     /usr/lib/libogg.so.0.7.0
007af000-007b0000 r--p 00004000 08:01 269539     /usr/lib/libogg.so.0.7.0
007b0000-007b1000 rw-p 00005000 08:01 269539     /usr/lib/libogg.so.0.7.0
007b1000-007b4000 r-xp 00000000 08:01 294896     /usr/lib/vlc/plugins/demux/libsmf_plugin.so
007b4000-007b5000 r--p 00002000 08:01 294896     /usr/lib/vlc/plugins/demux/libsmf_plugin.so
007b5000-007b6000 rw-p 00003000 08:01 294896     /usr/lib/vlc/plugins/demux/libsmf_plugin.so
007b6000-007b9000 r-xp 00000000 08:01 294908     /usr/lib/vlc/plugins/demux/librawvid_plugin.so
007b9000-007ba000 r--p 00002000 08:01 294908     /usr/lib/vlc/plugins/demux/librawvid_plugin.so
007ba000-007bb000 rw-p 00003000 08:01 294908     /usr/lib/vlc/plugins/demux/librawvid_plugin.so
007bb000-007bc000 r-xp 00000000 08:01 294790     /usr/lib/vlc/plugins/audio_filter/libugly_resampler_plugin.so
007bc000-007bd000 r--p 00000000 08:01 294790     /usr/lib/vlc/plugins/audio_filter/libugly_resampler_plugin.so
007bd000-007be000 rw-p 00001000 08:01 294790     /usr/lib/vlc/plugins/audio_filter/libugly_resampler_plugin.so
007be000-007d1000 r-xp 00000000 08:01 135227     /tmp/jna2283102445645256294.tmp
007d1000-007d2000 rw-p 00013000 08:01 135227     /tmp/jna2283102445645256294.tmp
007d2000-007d5000 r-xp 00000000 08:01 294902     /usr/lib/vlc/plugins/demux/libnsv_plugin.so
007d5000-007d6000 r--p 00002000 08:01 294902     /usr/lib/vlc/plugins/demux/libnsv_plugin.so
007d6000-007d7000 rw-p 00003000 08:01 294902     /usr/lib/vlc/plugins/demux/libnsv_plugin.so
007d7000-007da000 r-xp 00000000 08:01 294898     /usr/lib/vlc/plugins/demux/libvoc_plugin.so
007da000-007db000 r--p 00002000 08:01 294898     /usr/lib/vlc/plugins/demux/libvoc_plugin.so
007db000-007dc000 rw-p 00003000 08:01 294898     /usr/lib/vlc/plugins/demux/libvoc_plugin.so
007dc000-007de000 r-xp 00000000 08:01 294879     /usr/lib/vlc/plugins/demux/libxa_plugin.so
007de000-007df000 r--p 00001000 08:01 294879     /usr/lib/vlc/plugins/demux/libxa_plugin.so
007df000-007e0000 rw-p 00002000 08:01 294879     /usr/lib/vlc/plugins/demux/libxa_plugin.so
007e1000-007e9000 r-xp 00000000 08:01 263086     /usr/lib/libXcursor.so.1.0.2
007e9000-007ea000 r--p 00007000 08:01 263086     /usr/lib/libXcursor.so.1.0.2
007ea000-007eb000 rw-p 00008000 08:01 263086     /usr/lib/libXcursor.so.1.0.2
007eb000-00832000 r-xp 00000000 08:01 294885     /usr/lib/vlc/plugins/demux/libmkv_plugin.so
00832000-00834000 r--p 00046000 08:01 294885     /usr/lib/vlc/plugins/demux/libmkv_plugin.so
00834000-00835000 rw-p 00048000 08:01 294885     /usr/lib/vlc/plugins/demux/libmkv_plugin.so
00835000-00839000 r-xp 00000000 08:01 294907     /usr/lib/vlc/plugins/demux/libmod_plugin.so
00839000-0083a000 r--p 00004000 08:01 294907     /usr/lib/vlc/plugins/demux/libmod_plugin.so
0083a000-0083b000 rw-p 00005000 08:01 294907     /usr/lib/vlc/plugins/demux/libmod_plugin.so
0083b000-0083e000 r-xp 00000000 08:01 294876     /usr/lib/vlc/plugins/demux/libpva_plugin.so
0083e000-0083f000 r--p 00002000 08:01 294876     /usr/lib/vlc/plugins/demux/libpva_plugin.so
0083f000-00840000 rw-p 00003000 08:01 294876     /usr/lib/vlc/plugins/demux/libpva_plugin.so
00842000-00862000 r-xp 00000000 08:01 263267     /usr/lib/libdvdread.so.4.1.3
00862000-00863000 r--p 0001f000 08:01 263267     /usr/lib/libdvdread.so.4.1.3
00863000-00864000 rw-p 00020000 08:01 263267     /usr/lib/libdvdread.so.4.1.3
00866000-00868000 r-xp 00000000 08:01 294912     /usr/lib/vlc/plugins/demux/libau_plugin.so
00868000-00869000 r--p 00001000 08:01 294912     /usr/lib/vlc/plugins/demux/libau_plugin.so
00869000-0086a000 rw-p 00002000 08:01 294912     /usr/lib/vlc/plugins/demux/libau_plugin.so
0086a000-0086c000 r-xp 00000000 08:01 275685     /usr/lib/gconv/UTF-16.so
0086c000-0086d000 r--p 00001000 08:01 275685     /usr/lib/gconv/UTF-16.so
0086d000-0086e000 rw-p 00002000 08:01 275685     /usr/lib/gconv/UTF-16.so
0086e000-00871000 r-xp 00000000 08:01 294939     /usr/lib/vlc/plugins/codec/libfake_plugin.so
00871000-00872000 r--p 00002000 08:01 294939     /usr/lib/vlc/plugins/codec/libfake_plugin.so
00872000-00873000 rw-p 00003000 08:01 294939     /usr/lib/vlc/plugins/codec/libfake_plugin.so
00875000-0087b000 r-xp 00000000 08:01 264695     /usr/lib/jvm/java-6-openjdk/jre/lib/i386/native_threads/libhpi.so
0087b000-0087c000 r--p 00005000 08:01 264695     /usr/lib/jvm/java-6-openjdk/jre/lib/i386/native_threads/libhpi.so
0087c000-0087d000 rw-p 00006000 08:01 264695     /usr/lib/jvm/java-6-openjdk/jre/lib/i386/native_threads/libhpi.so
0087d000-0090c000 r-xp 00000000 08:01 265839     /usr/lib/libtag.so.1.6.3
0090c000-0090d000 ---p 0008f000 08:01 265839     /usr/lib/libtag.so.1.6.3
0090d000-0090f000 r--p 0008f000 08:01 265839     /usr/lib/libtag.so.1.6.3
0090f000-00910000 rw-p 00091000 08:01 265839     /usr/lib/libtag.so.1.6.3
00910000-00912000 r-xp 00000000 08:01 294945     /usr/lib/vlc/plugins/codec/libpng_plugin.so
00912000-00913000 r--p 00001000 08:01 294945     /usr/lib/vlc/plugins/codec/libpng_plugin.so
00913000-00914000 rw-p 00002000 08:01 294945     /usr/lib/vlc/plugins/codec/libpng_plugin.so
00916000-0092c000 r-xp 00000000 08:01 265024     /usr/lib/libvlc.so.5.1.0
0092c000-0092d000 r--p 00015000 08:01 265024     /usr/lib/libvlc.so.5.1.0
0092d000-0092e000 rw-p 00016000 08:01 265024     /usr/lib/libvlc.so.5.1.0
00930000-00936000 r-xp 00000000 08:01 294866     /usr/lib/vlc/plugins/control/libhotkeys_plugin.so
00936000-00937000 r--p 00005000 08:01 294866     /usr/lib/vlc/plugins/control/libhotkeys_plugin.so
00937000-00938000 rw-p 00006000 08:01 294866     /usr/lib/vlc/plugins/control/libhotkeys_plugin.so
00938000-0094b000 r-xp 00000000 08:01 294903     /usr/lib/vlc/plugins/demux/libts_plugin.so
0094b000-0094c000 r--p 00012000 08:01 294903     /usr/lib/vlc/plugins/demux/libts_plugin.so
0094c000-0094d000 rw-p 00013000 08:01 294903     /usr/lib/vlc/plugins/demux/libts_plugin.so
0094d000-0094f000 r-xp 00000000 08:01 294929     /usr/lib/vlc/plugins/codec/libschroedinger_plugin.so
0094f000-00950000 r--p 00001000 08:01 294929     /usr/lib/vlc/plugins/codec/libschroedinger_plugin.so
00950000-00951000 rw-p 00002000 08:01 294929     /usr/lib/vlc/plugins/codec/libschroedinger_plugin.so
00951000-00953000 r-xp 00000000 08:01 294916     /usr/lib/vlc/plugins/codec/liblpcm_plugin.so
00953000-00954000 r--p 00002000 08:01 294916     /usr/lib/vlc/plugins/codec/liblpcm_plugin.so
00954000-00955000 rw-p 00003000 08:01 294916     /usr/lib/vlc/plugins/codec/liblpcm_plugin.so
00956000-00958000 r-xp 00000000 08:01 294880     /usr/lib/vlc/plugins/demux/libtta_plugin.so
00958000-00959000 r--p 00001000 08:01 294880     /usr/lib/vlc/plugins/demux/libtta_plugin.so
00959000-0095a000 rw-p 00002000 08:01 294880     /usr/lib/vlc/plugins/demux/libtta_plugin.so
0095a000-0095f000 r-xp 00000000 08:01 294925     /usr/lib/vlc/plugins/codec/libspeex_plugin.so
0095f000-00960000 r--p 00004000 08:01 294925     /usr/lib/vlc/plugins/codec/libspeex_plugin.so
00960000-00961000 rw-p 00005000 08:01 294925     /usr/lib/vlc/plugins/codec/libspeex_plugin.so
00961000-00963000 r-xp 00000000 08:01 294935     /usr/lib/vlc/plugins/codec/libaes3_plugin.so
00963000-00964000 r--p 00001000 08:01 294935     /usr/lib/vlc/plugins/codec/libaes3_plugin.so
00964000-00965000 rw-p 00002000 08:01 294935     /usr/lib/vlc/plugins/codec/libaes3_plugin.so
00965000-0097a000 r-xp 00000000 08:01 1312216    /lib/libpthread-2.12.1.so
0097a000-0097b000 ---p 00015000 08:01 1312216    /lib/libpthread-2.12.1.so
0097b000-0097c000 r--p 00015000 08:01 1312216    /lib/libpthread-2.12.1.so
0097c000-0097d000 rw-p 00016000 08:01 1312216    /lib/libpthread-2.12.1.so
0097d000-0097f000 rw-p 00000000 00:00 0 
0097f000-009a1000 r-xp 00000000 08:01 263327     /usr/lib/libebml.so.2
009a1000-009a2000 r--p 00021000 08:01 263327     /usr/lib/libebml.so.2
009a2000-009a3000 rw-p 00022000 08:01 263327     /usr/lib/libebml.so.2
009a3000-009a4000 rw-p 00000000 00:00 0 
009a4000-009b1000 r-xp 00000000 08:01 263259     /usr/lib/libdvbpsi.so.6.0.0
009b1000-009b2000 r--p 0000d000 08:01 263259     /usr/lib/libdvbpsi.so.6.0.0
009b2000-009b3000 rw-p 0000e000 08:01 263259     /usr/lib/libdvbpsi.so.6.0.0
009b3000-009c1000 r-xp 00000000 08:01 294956     /usr/lib/vlc/plugins/access/libaccess_mms_plugin.so
009c1000-009c2000 r--p 0000d000 08:01 294956     /usr/lib/vlc/plugins/access/libaccess_mms_plugin.so
009c2000-009c3000 rw-p 0000e000 08:01 294956     /usr/lib/vlc/plugins/access/libaccess_mms_plugin.so
009c3000-009de000 r-xp 00000000 08:01 274181     /usr/lib/sse2/libspeex.so.1.5.0
009de000-009df000 r--p 0001a000 08:01 274181     /usr/lib/sse2/libspeex.so.1.5.0
009df000-009e0000 rw-p 0001b000 08:01 274181     /usr/lib/sse2/libspeex.so.1.5.0
009e0000-009e3000 r-xp 00000000 08:01 294926     /usr/lib/vlc/plugins/codec/liba52_plugin.so
009e3000-009e4000 r--p 00002000 08:01 294926     /usr/lib/vlc/plugins/codec/liba52_plugin.so
009e4000-009e5000 rw-p 00003000 08:01 294926     /usr/lib/vlc/plugins/codec/liba52_plugin.so
009e5000-009f3000 r-xp 00000000 08:01 263051     /usr/lib/libXext.so.6.4.0
009f3000-009f4000 r--p 0000d000 08:01 263051     /usr/lib/libXext.so.6.4.0
009f4000-009f5000 rw-p 0000e000 08:01 263051     /usr/lib/libXext.so.6.4.0
009f5000-00a18000 r-xp 00000000 08:01 1315386    /lib/libpng12.so.0.44.0
00a18000-00a19000 r--p 00022000 08:01 1315386    /lib/libpng12.so.0.44.0
00a19000-00a1a000 rw-p 00023000 08:01 1315386    /lib/libpng12.so.0.44.0
00a1a000-00a1e000 r-xp 00000000 08:01 294934     /usr/lib/vlc/plugins/codec/liblibass_plugin.so
00a1e000-00a1f000 r--p 00003000 08:01 294934     /usr/lib/vlc/plugins/codec/liblibass_plugin.so
00a1f000-00a20000 rw-p 00004000 08:01 294934     /usr/lib/vlc/plugins/codec/liblibass_plugin.so
00a20000-00a26000 r-xp 00000000 08:01 294917     /usr/lib/vlc/plugins/codec/libvorbis_plugin.so
00a26000-00a27000 r--p 00005000 08:01 294917     /usr/lib/vlc/plugins/codec/libvorbis_plugin.so
00a27000-00a28000 rw-p 00006000 08:01 294917     /usr/lib/vlc/plugins/codec/libvorbis_plugin.so
00a28000-00a2d000 r-xp 00000000 08:01 294923     /usr/lib/vlc/plugins/codec/libtheora_plugin.so
00a2d000-00a2e000 r--p 00004000 08:01 294923     /usr/lib/vlc/plugins/codec/libtheora_plugin.so
00a2e000-00a2f000 rw-p 00005000 08:01 294923     /usr/lib/vlc/plugins/codec/libtheora_plugin.so
00a2f000-00a34000 r-xp 00000000 08:01 294914     /usr/lib/vlc/plugins/codec/libaraw_plugin.so
00a34000-00a35000 r--p 00004000 08:01 294914     /usr/lib/vlc/plugins/codec/libaraw_plugin.so
00a35000-00a36000 rw-p 00005000 08:01 294914     /usr/lib/vlc/plugins/codec/libaraw_plugin.so
00a36000-00a38000 r-xp 00000000 08:01 294941     /usr/lib/vlc/plugins/codec/libcdg_plugin.so
00a38000-00a39000 r--p 00001000 08:01 294941     /usr/lib/vlc/plugins/codec/libcdg_plugin.so
00a39000-00a3a000 rw-p 00002000 08:01 294941     /usr/lib/vlc/plugins/codec/libcdg_plugin.so
00a3a000-00a51000 r-xp 00000000 08:01 272015     /usr/lib/libass.so.4.0.0
00a51000-00a52000 r--p 00016000 08:01 272015     /usr/lib/libass.so.4.0.0
00a52000-00a53000 rw-p 00017000 08:01 272015     /usr/lib/libass.so.4.0.0
00a53000-00a63000 r-xp 00000000 08:01 1312217    /lib/libresolv-2.12.1.so
00a63000-00a64000 r--p 00010000 08:01 1312217    /lib/libresolv-2.12.1.so
00a64000-00a65000 rw-p 00011000 08:01 1312217    /lib/libresolv-2.12.1.so
00a65000-00a67000 rw-p 00000000 00:00 0 
00a67000-00a6a000 r-xp 00000000 08:01 294928     /usr/lib/vlc/plugins/codec/libmpeg_audio_plugin.so
00a6a000-00a6b000 r--p 00002000 08:01 294928     /usr/lib/vlc/plugins/codec/libmpeg_audio_plugin.so
00a6b000-00a6c000 rw-p 00003000 08:01 294928     /usr/lib/vlc/plugins/codec/libmpeg_audio_plugin.so
00a6c000-00a70000 r-xp 00000000 08:01 294920     /usr/lib/vlc/plugins/codec/libflac_plugin.so
00a70000-00a71000 r--p 00003000 08:01 294920     /usr/lib/vlc/plugins/codec/libflac_plugin.so
00a71000-00a72000 rw-p 00004000 08:01 294920     /usr/lib/vlc/plugins/codec/libflac_plugin.so
00a72000-00a74000 r-xp 00000000 08:01 294919     /usr/lib/vlc/plugins/codec/libfaad_plugin.so
00a74000-00a75000 r--p 00001000 08:01 294919     /usr/lib/vlc/plugins/codec/libfaad_plugin.so
00a75000-00a76000 rw-p 00002000 08:01 294919     /usr/lib/vlc/plugins/codec/libfaad_plugin.so
00a76000-00a7b000 r-xp 00000000 08:01 262904     /usr/lib/libva.so.1.0.1
00a7b000-00a7c000 r--p 00004000 08:01 262904     /usr/lib/libva.so.1.0.1
00a7c000-00a7d000 rw-p 00005000 08:01 262904     /usr/lib/libva.so.1.0.1
00a7d000-00a82000 r-xp 00000000 08:01 267104     /usr/lib/libva-x11.so.1.0.1
00a82000-00a83000 r--p 00004000 08:01 267104     /usr/lib/libva-x11.so.1.0.1
00a83000-00a84000 rw-p 00005000 08:01 267104     /usr/lib/libva-x11.so.1.0.1
00a84000-00a87000 r-xp 00000000 08:01 264574     /usr/lib/vlc/plugins/audio_output/libpulse_plugin.so
00a87000-00a88000 r--p 00002000 08:01 264574     /usr/lib/vlc/plugins/audio_output/libpulse_plugin.so
00a88000-00a89000 rw-p 00003000 08:01 264574     /usr/lib/vlc/plugins/audio_output/libpulse_plugin.so
00a89000-00a8b000 r-xp 00000000 08:01 1311089    /lib/libnss_mdns4_minimal.so.2
00a8b000-00a8c000 r--p 00001000 08:01 1311089    /lib/libnss_mdns4_minimal.so.2
00a8c000-00a8d000 rw-p 00002000 08:01 1311089    /lib/libnss_mdns4_minimal.so.2
00a8d000-00aa1000 r-xp 00000000 08:01 294738     /usr/lib/vlc/plugins/codec/libavcodec_plugin.so
00aa1000-00aa2000 r--p 00013000 08:01 294738     /usr/lib/vlc/plugins/codec/libavcodec_plugin.so
00aa2000-00aa3000 rw-p 00014000 08:01 294738     /usr/lib/vlc/plugins/codec/libavcodec_plugin.so
00aa3000-00aa5000 r-xp 00000000 08:01 294789     /usr/lib/vlc/plugins/audio_filter/liba52tofloat32_plugin.so
00aa5000-00aa6000 r--p 00001000 08:01 294789     /usr/lib/vlc/plugins/audio_filter/liba52tofloat32_plugin.so
00aa6000-00aa7000 rw-p 00002000 08:01 294789     /usr/lib/vlc/plugins/audio_filter/liba52tofloat32_plugin.so
00aa7000-00aaa000 r-xp 00000000 08:01 295035     /usr/lib/vlc/plugins/audio_output/liboss_plugin.so
00aaa000-00aab000 r--p 00002000 08:01 295035     /usr/lib/vlc/plugins/audio_output/liboss_plugin.so
00aab000-00aac000 rw-p 00003000 08:01 295035     /usr/lib/vlc/plugins/audio_output/liboss_plugin.so
00aac000-00acf000 r-xp 00000000 08:01 263328     /usr/lib/libenca.so.0.5.1
00acf000-00ad0000 r--p 00023000 08:01 263328     /usr/lib/libenca.so.0.5.1
00ad0000-00ad2000 rw-p 00024000 08:01 263328     /usr/lib/libenca.so.0.5.1
00ad2000-00ad5000 r-xp 00000000 08:01 266000     /usr/lib/libxcb-atom.so.1.0.0
00ad5000-00ad6000 r--p 00002000 08:01 266000     /usr/lib/libxcb-atom.so.1.0.0
00ad6000-00ad7000 rw-p 00003000 08:01 266000     /usr/lib/libxcb-atom.so.1.0.0
00ad8000-00b5a000 r-xp 00000000 08:01 264667     /usr/lib/jvm/java-6-openjdk/jre/lib/i386/libawt.so
00b5a000-00b5b000 r--p 00081000 08:01 264667     /usr/lib/jvm/java-6-openjdk/jre/lib/i386/libawt.so
00b5b000-00b61000 rw-p 00082000 08:01 264667     /usr/lib/jvm/java-6-openjdk/jre/lib/i386/libawt.so
00b61000-00b86000 rw-p 00000000 00:00 0 
00b86000-00b89000 r-xp 00000000 08:01 1311159    /lib/libuuid.so.1.3.0
00b89000-00b8a000 r--p 00002000 08:01 1311159    /lib/libuuid.so.1.3.0
00b8a000-00b8b000 rw-p 00003000 08:01 1311159    /lib/libuuid.so.1.3.0
00b8c000-00b8f000 r-xp 00000000 08:01 294943     /usr/lib/vlc/plugins/codec/libdts_plugin.so
00b8f000-00b90000 r--p 00002000 08:01 294943     /usr/lib/vlc/plugins/codec/libdts_plugin.so
00b90000-00b91000 rw-p 00003000 08:01 294943     /usr/lib/vlc/plugins/codec/libdts_plugin.so
00b91000-00b94000 r-xp 00000000 08:01 294794     /usr/lib/vlc/plugins/audio_filter/libscaletempo_plugin.so
00b94000-00b95000 r--p 00002000 08:01 294794     /usr/lib/vlc/plugins/audio_filter/libscaletempo_plugin.so
00b95000-00b96000 rw-p 00003000 08:01 294794     /usr/lib/vlc/plugins/audio_filter/libscaletempo_plugin.so
00b96000-00ba9000 r-xp 00000000 08:01 1310755    /lib/libz.so.1.2.3.4
00ba9000-00baa000 r--p 00012000 08:01 1310755    /lib/libz.so.1.2.3.4
00baa000-00bab000 rw-p 00013000 08:01 1310755    /lib/libz.so.1.2.3.4
00bab000-00ff2000 r-xp 00000000 08:01 263798     /usr/lib/jvm/java-6-openjdk/jre/lib/i386/client/libjvm.so
00ff2000-01009000 r--p 00447000 08:01 263798     /usr/lib/jvm/java-6-openjdk/jre/lib/i386/client/libjvm.so
01009000-01016000 rw-p 0045e000 08:01 263798     /usr/lib/jvm/java-6-openjdk/jre/lib/i386/client/libjvm.so
01016000-01432000 rw-p 00000000 00:00 0 
01432000-0143a000 r-xp 00000000 08:01 1311731    /lib/libdrm.so.2.4.0
0143a000-0143b000 r--p 00008000 08:01 1311731    /lib/libdrm.so.2.4.0
0143b000-0143c000 rw-p 00009000 08:01 1311731    /lib/libdrm.so.2.4.0
0143c000-0149d000 r-xp 00000000 08:01 265881     /usr/lib/libsndfile.so.1.0.21
0149d000-0149e000 ---p 00061000 08:01 265881     /usr/lib/libsndfile.so.1.0.21
0149e000-0149f000 r--p 00061000 08:01 265881     /usr/lib/libsndfile.so.1.0.21
0149f000-014a0000 rw-p 00062000 08:01 265881     /usr/lib/libsndfile.so.1.0.21
014a0000-014a4000 rw-p 00000000 00:00 0 
01af6000-01b1a000 r-xp 00000000 08:01 1311044    /lib/libexpat.so.1.5.2
01b1a000-01b1c000 r--p 00024000 08:01 1311044    /lib/libexpat.so.1.5.2
01b1c000-01b1d000 rw-p 00026000 08:01 1311044    /lib/libexpat.so.1.5.2
01de8000-01ea8000 r-xp 00000000 08:01 262811     /usr/lib/libasound.so.2.0.0
01ea8000-01ea9000 ---p 000c0000 08:01 262811     /usr/lib/libasound.so.2.0.0
01ea9000-01ead000 r--p 000c0000 08:01 262811     /usr/lib/libasound.so.2.0.0
01ead000-01eae000 rw-p 000c4000 08:01 262811     /usr/lib/libasound.so.2.0.0
02032000-02034000 r-xp 00000000 08:01 294785     /usr/lib/vlc/plugins/audio_filter/libconverter_fixed_plugin.so
02034000-02035000 r--p 00001000 08:01 294785     /usr/lib/vlc/plugins/audio_filter/libconverter_fixed_plugin.so
02035000-02036000 rw-p 00002000 08:01 294785     /usr/lib/vlc/plugins/audio_filter/libconverter_fixed_plugin.so
023b8000-023d0000 r-xp 00000000 08:01 265928     /usr/lib/libtheoradec.so.1.1.4
023d0000-023d1000 r--p 00017000 08:01 265928     /usr/lib/libtheoradec.so.1.1.4
023d1000-023d2000 rw-p 00018000 08:01 265928     /usr/lib/libtheoradec.so.1.1.4
027fa000-0295f000 r-xp 00000000 08:01 264851     /usr/lib/libvorbisenc.so.2.0.7
0295f000-02960000 ---p 00165000 08:01 264851     /usr/lib/libvorbisenc.so.2.0.7
02960000-02971000 r--p 00165000 08:01 264851     /usr/lib/libvorbisenc.so.2.0.7
02971000-02972000 rw-p 00176000 08:01 264851     /usr/lib/libvorbisenc.so.2.0.7
02d58000-02d5a000 r-xp 00000000 08:01 294777     /usr/lib/vlc/plugins/audio_filter/libdtstospdif_plugin.so
02d5a000-02d5b000 r--p 00001000 08:01 294777     /usr/lib/vlc/plugins/audio_filter/libdtstospdif_plugin.so
02d5b000-02d5c000 rw-p 00002000 08:01 294777     /usr/lib/vlc/plugins/audio_filter/libdtstospdif_plugin.so
02da8000-02daf000 r-xp 00000000 08:01 264997     /usr/lib/libSM.so.6.0.1
02daf000-02db0000 r--p 00006000 08:01 264997     /usr/lib/libSM.so.6.0.1
02db0000-02db1000 rw-p 00007000 08:01 264997     /usr/lib/libSM.so.6.0.1
02f5a000-0300f000 r-xp 00000000 08:01 263394     /usr/lib/libmatroska.so.2
0300f000-03017000 r--p 000b5000 08:01 263394     /usr/lib/libmatroska.so.2
03017000-03018000 rw-p 000bd000 08:01 263394     /usr/lib/libmatroska.so.2
03018000-0301c000 rw-p 00000000 00:00 0 
0301c000-03566000 r-xp 00000000 08:01 263033     /usr/lib/i686/cmov/libavcodec.so.52.72.2
03566000-03567000 r--p 00549000 08:01 263033     /usr/lib/i686/cmov/libavcodec.so.52.72.2
03567000-03572000 rw-p 0054a000 08:01 263033     /usr/lib/i686/cmov/libavcodec.so.52.72.2
03572000-03a58000 rw-p 00000000 00:00 0 
03bfb000-03bfd000 r-xp 00000000 08:01 294783     /usr/lib/vlc/plugins/audio_filter/libsimple_channel_mixer_plugin.so
03bfd000-03bfe000 r--p 00001000 08:01 294783     /usr/lib/vlc/plugins/audio_filter/libsimple_channel_mixer_plugin.so
03bfe000-03bff000 rw-p 00002000 08:01 294783     /usr/lib/vlc/plugins/audio_filter/libsimple_channel_mixer_plugin.so
04277000-04279000 r-xp 00000000 08:01 294788     /usr/lib/vlc/plugins/audio_filter/libdtstofloat32_plugin.so
04279000-0427a000 r--p 00001000 08:01 294788     /usr/lib/vlc/plugins/audio_filter/libdtstofloat32_plugin.so
0427a000-0427b000 rw-p 00002000 08:01 294788     /usr/lib/vlc/plugins/audio_filter/libdtstofloat32_plugin.so
048bc000-048fe000 r-xp 00000000 08:01 265930     /usr/lib/libtheoraenc.so.1.1.2
048fe000-048ff000 r--p 00041000 08:01 265930     /usr/lib/libtheoraenc.so.1.1.2
048ff000-04900000 rw-p 00042000 08:01 265930     /usr/lib/libtheoraenc.so.1.1.2
04ab0000-04bd2000 r-xp 00000000 08:01 263822     /usr/lib/libxml2.so.2.7.7
04bd2000-04bd6000 r--p 00121000 08:01 263822     /usr/lib/libxml2.so.2.7.7
04bd6000-04bd7000 rw-p 00125000 08:01 263822     /usr/lib/libxml2.so.2.7.7
04bd7000-04bd8000 rw-p 00000000 00:00 0 
04f5f000-04f68000 r-xp 00000000 08:01 262481     /usr/lib/liba52-0.7.4.so
04f68000-04f69000 r--p 00008000 08:01 262481     /usr/lib/liba52-0.7.4.so
04f69000-04f6a000 rw-p 00009000 08:01 262481     /usr/lib/liba52-0.7.4.so
04f6a000-04f6b000 rw-p 00000000 00:00 0 
050da000-051be000 r-xp 00000000 08:01 264156     /usr/lib/libvlccore.so.4.0.0
051be000-051c3000 r--p 000e4000 08:01 264156     /usr/lib/libvlccore.so.4.0.0
051c3000-051c4000 rw-p 000e9000 08:01 264156     /usr/lib/libvlccore.so.4.0.0
05bd3000-05c55000 r-xp 00000000 08:01 262969     /usr/lib/libvpx.so.0.9.2
05c55000-05c56000 r--p 00081000 08:01 262969     /usr/lib/libvpx.so.0.9.2
05c56000-05c57000 rw-p 00082000 08:01 262969     /usr/lib/libvpx.so.0.9.2
05c57000-05c6f000 rw-p 00000000 00:00 0 
06092000-0612f000 r-xp 00000000 08:01 262830     /usr/lib/libschroedinger-1.0.so.0.3.0
0612f000-06130000 ---p 0009d000 08:01 262830     /usr/lib/libschroedinger-1.0.so.0.3.0
06130000-06131000 r--p 0009d000 08:01 262830     /usr/lib/libschroedinger-1.0.so.0.3.0
06131000-06132000 rw-p 0009e000 08:01 262830     /usr/lib/libschroedinger-1.0.so.0.3.0
06132000-06133000 rw-p 00000000 00:00 0 
061d2000-061d9000 r-xp 00000000 08:01 1311100    /lib/libwrap.so.0.7.6
061d9000-061da000 r--p 00006000 08:01 1311100    /lib/libwrap.so.0.7.6
061da000-061db000 rw-p 00007000 08:01 1311100    /lib/libwrap.so.0.7.6
06375000-0638a000 r-xp 00000000 08:01 264968     /usr/lib/libICE.so.6.3.0
0638a000-0638b000 r--p 00014000 08:01 264968     /usr/lib/libICE.so.6.3.0
0638b000-0638c000 rw-p 00015000 08:01 264968     /usr/lib/libICE.so.6.3.0
0638c000-0638e000 rw-p 00000000 00:00 0 
0664d000-06652000 r-xp 00000000 08:01 294781     /usr/lib/vlc/plugins/audio_filter/libbandlimited_resampler_plugin.so
06652000-06653000 r--p 00005000 08:01 294781     /usr/lib/vlc/plugins/audio_filter/libbandlimited_resampler_plugin.so
06653000-06654000 rw-p 00006000 08:01 294781     /usr/lib/vlc/plugins/audio_filter/libbandlimited_resampler_plugin.so
06909000-06948000 r-xp 00000000 08:01 263032     /usr/lib/libpulse.so.0.12.2
06948000-06949000 ---p 0003f000 08:01 263032     /usr/lib/libpulse.so.0.12.2
06949000-0694a000 r--p 0003f000 08:01 263032     /usr/lib/libpulse.so.0.12.2
0694a000-0694b000 rw-p 00040000 08:01 263032     /usr/lib/libpulse.so.0.12.2
06a25000-06a53000 r-xp 00000000 08:01 265295     /usr/lib/libfontconfig.so.1.4.4
06a53000-06a54000 r--p 0002d000 08:01 265295     /usr/lib/libfontconfig.so.1.4.4
06a54000-06a55000 rw-p 0002e000 08:01 265295     /usr/lib/libfontconfig.so.1.4.4
07100000-0710f000 r-xp 00000000 08:01 262719     /usr/lib/i686/cmov/libavutil.so.50.15.1
0710f000-07110000 r--p 0000e000 08:01 262719     /usr/lib/i686/cmov/libavutil.so.50.15.1
07110000-07111000 rw-p 0000f000 08:01 262719     /usr/lib/i686/cmov/libavutil.so.50.15.1
07111000-07114000 rw-p 00000000 00:00 0 
072d9000-07321000 r-xp 00000000 08:01 263631     /usr/lib/libmodplug.so.1.0.0
07321000-07322000 r--p 00047000 08:01 263631     /usr/lib/libmodplug.so.1.0.0
07322000-07323000 rw-p 00048000 08:01 263631     /usr/lib/libmodplug.so.1.0.0
07323000-073a3000 rw-p 00000000 00:00 0 
07e8c000-07e98000 r-xp 00000000 08:01 262770     /usr/lib/libgsm.so.1.0.12
07e98000-07e99000 r--p 0000b000 08:01 262770     /usr/lib/libgsm.so.1.0.12
07e99000-07e9a000 rw-p 0000c000 08:01 262770     /usr/lib/libgsm.so.1.0.12
07fcd000-08030000 r-xp 00000000 08:01 294886     /usr/lib/vlc/plugins/demux/liblive555_plugin.so
08030000-08031000 ---p 00063000 08:01 294886     /usr/lib/vlc/plugins/demux/liblive555_plugin.so
08031000-08033000 r--p 00063000 08:01 294886     /usr/lib/vlc/plugins/demux/liblive555_plugin.so
08033000-08039000 rw-p 00065000 08:01 294886     /usr/lib/vlc/plugins/demux/liblive555_plugin.so
08039000-0803a000 rw-p 00000000 00:00 0 
08048000-08051000 r-xp 00000000 08:01 264717     /usr/lib/jvm/java-6-openjdk/jre/bin/java
08051000-08052000 r--p 00008000 08:01 264717     /usr/lib/jvm/java-6-openjdk/jre/bin/java
08052000-08053000 rw-p 00009000 08:01 264717     /usr/lib/jvm/java-6-openjdk/jre/bin/java
0829a000-082c0000 r-xp 00000000 08:01 265818     /usr/lib/libvorbis.so.0.4.4
082c0000-082c1000 r--p 00025000 08:01 265818     /usr/lib/libvorbis.so.0.4.4
082c1000-082c2000 rw-p 00026000 08:01 265818     /usr/lib/libvorbis.so.0.4.4
0835a000-08396000 r-xp 00000000 08:01 263340     /usr/lib/libfaad.so.2.0.0
08396000-08397000 r--p 0003b000 08:01 263340     /usr/lib/libfaad.so.2.0.0
08397000-0839a000 rw-p 0003c000 08:01 263340     /usr/lib/libfaad.so.2.0.0
087d0000-08820000 r-xp 00000000 08:01 265926     /usr/lib/libtheora.so.0.3.10
08820000-08821000 r--p 0004f000 08:01 265926     /usr/lib/libtheora.so.0.3.10
08821000-08822000 rw-p 00050000 08:01 265926     /usr/lib/libtheora.so.0.3.10
088f9000-088fb000 r-xp 00000000 08:01 294791     /usr/lib/vlc/plugins/audio_filter/libdolby_surround_decoder_plugin.so
088fb000-088fc000 r--p 00001000 08:01 294791     /usr/lib/vlc/plugins/audio_filter/libdolby_surround_decoder_plugin.so
088fc000-088fd000 rw-p 00002000 08:01 294791     /usr/lib/vlc/plugins/audio_filter/libdolby_surround_decoder_plugin.so
08b56000-08b7b000 r-xp 00000000 08:01 272019     /usr/lib/libdca.so.0.0.0
08b7b000-08b7c000 ---p 00025000 08:01 272019     /usr/lib/libdca.so.0.0.0
08b7c000-08b7d000 r--p 00025000 08:01 272019     /usr/lib/libdca.so.0.0.0
08b7d000-08b7e000 rw-p 00026000 08:01 272019     /usr/lib/libdca.so.0.0.0
08b81000-08bd4000 r-xp 00000000 08:01 264952     /usr/lib/liborc-0.4.so.0.0.0
08bd4000-08bd5000 r--p 00052000 08:01 264952     /usr/lib/liborc-0.4.so.0.0.0
08bd5000-08bd8000 rw-p 00053000 08:01 264952     /usr/lib/liborc-0.4.so.0.0.0
08bf5000-08c3f000 r-xp 00000000 08:01 265132     /usr/lib/libFLAC.so.8.2.0
08c3f000-08c40000 r--p 00049000 08:01 265132     /usr/lib/libFLAC.so.8.2.0
08c40000-08c41000 rw-p 0004a000 08:01 265132     /usr/lib/libFLAC.so.8.2.0
08eed000-08ef1000 r-xp 00000000 08:01 294780     /usr/lib/vlc/plugins/audio_filter/libaudio_format_plugin.so
08ef1000-08ef2000 r--p 00003000 08:01 294780     /usr/lib/vlc/plugins/audio_filter/libaudio_format_plugin.so
08ef2000-08ef3000 rw-p 00004000 08:01 294780     /usr/lib/vlc/plugins/audio_filter/libaudio_format_plugin.so
0905e000-09061000 r-xp 00000000 08:01 294782     /usr/lib/vlc/plugins/audio_filter/libmono_plugin.so
09061000-09062000 r--p 00002000 08:01 294782     /usr/lib/vlc/plugins/audio_filter/libmono_plugin.so
09062000-09063000 rw-p 00003000 08:01 294782     /usr/lib/vlc/plugins/audio_filter/libmono_plugin.so
09331000-09410000 r-xp 00000000 08:01 262619     /usr/lib/libstdc++.so.6.0.14
09410000-09414000 r--p 000de000 08:01 262619     /usr/lib/libstdc++.so.6.0.14
09414000-09415000 rw-p 000e2000 08:01 262619     /usr/lib/libstdc++.so.6.0.14
09415000-0941c000 rw-p 00000000 00:00 0 
09447000-0945c000 r-xp 00000000 08:01 263391     /usr/lib/libmad.so.0.2.1
0945c000-0945d000 r--p 00014000 08:01 263391     /usr/lib/libmad.so.0.2.1
0945d000-0945e000 rw-p 00015000 08:01 263391     /usr/lib/libmad.so.0.2.1
094cf000-094d1000 r-xp 00000000 08:01 294778     /usr/lib/vlc/plugins/audio_filter/libtrivial_channel_mixer_plugin.so
094d1000-094d2000 r--p 00001000 08:01 294778     /usr/lib/vlc/plugins/audio_filter/libtrivial_channel_mixer_plugin.so
094d2000-094d3000 rw-p 00002000 08:01 294778     /usr/lib/vlc/plugins/audio_filter/libtrivial_channel_mixer_plugin.so
094f7000-0953f000 r-xp 00000000 08:01 263309     /usr/lib/libpulsecommon-0.9.21.so
0953f000-09540000 r--p 00047000 08:01 263309     /usr/lib/libpulsecommon-0.9.21.so
09540000-09541000 rw-p 00048000 08:01 263309     /usr/lib/libpulsecommon-0.9.21.so
095ec000-095ee000 r-xp 00000000 08:01 294784     /usr/lib/vlc/plugins/audio_filter/libmpgatofixed32_plugin.so
095ee000-095ef000 r--p 00001000 08:01 294784     /usr/lib/vlc/plugins/audio_filter/libmpgatofixed32_plugin.so
095ef000-095f0000 rw-p 00002000 08:01 294784     /usr/lib/vlc/plugins/audio_filter/libmpgatofixed32_plugin.so
09681000-09b20000 rw-p 00000000 00:00 0          [heap]
6f920000-6fe70000 rw-p 00000000 00:00 0 
6fe70000-7a3c0000 rw-p 00000000 00:00 0 
7a3c0000-7ae70000 rw-p 00000000 00:00 0 
7ae70000-8f920000 rw-p 00000000 00:00 0 
8f920000-90520000 rw-p 00000000 00:00 0 
90520000-93920000 rw-p 00000000 00:00 0 
93920000-94077000 r--s 00001000 08:01 263875     /usr/lib/jvm/java-6-openjdk/jre/lib/i386/client/classes.jsa
94077000-94320000 rw-p 00000000 00:00 0 
94320000-94a60000 rw-p 00758000 08:01 263875     /usr/lib/jvm/java-6-openjdk/jre/lib/i386/client/classes.jsa
94a60000-94f20000 rw-p 00000000 00:00 0 
94f20000-9501b000 rw-p 00e98000 08:01 263875     /usr/lib/jvm/java-6-openjdk/jre/lib/i386/client/classes.jsa
9501b000-95320000 rw-p 00000000 00:00 0 
95320000-95328000 r-xs 00f93000 08:01 263875     /usr/lib/jvm/java-6-openjdk/jre/lib/i386/client/classes.jsa
95328000-95720000 rw-p 00000000 00:00 0 
b3bbb000-b3bbe000 ---p 00000000 00:00 0 
b3bbe000-b3c0c000 rw-p 00000000 00:00 0 
b3d3e000-b3d41000 ---p 00000000 00:00 0 
b3d41000-b3d8f000 rw-p 00000000 00:00 0 
b3d8f000-b3d92000 ---p 00000000 00:00 0 
b3d92000-b3e10000 rw-p 00000000 00:00 0 
b3e10000-b3e13000 ---p 00000000 00:00 0 
b3e13000-b3e61000 rw-p 00000000 00:00 0 
b3e61000-b3e64000 ---p 00000000 00:00 0 
b3e64000-b3eb2000 rw-p 00000000 00:00 0 
b3eb2000-b3eb5000 ---p 00000000 00:00 0 
b3eb5000-b3f33000 rw-p 00000000 00:00 0 
b3f33000-b3f36000 ---p 00000000 00:00 0 
b3f36000-b3f84000 rw-p 00000000 00:00 0 
b3f84000-b3f85000 ---p 00000000 00:00 0 
b3f85000-b4785000 rw-p 00000000 00:00 0 
b4785000-b4786000 ---p 00000000 00:00 0 
b4786000-b4806000 rw-p 00000000 00:00 0 
b4806000-b480d000 r--s 00000000 08:01 269756     /usr/lib/gconv/gconv-modules.cache
b480d000-b4810000 ---p 00000000 00:00 0 
b4810000-b488e000 rw-p 00000000 00:00 0 
b488e000-b4891000 ---p 00000000 00:00 0 
b4891000-b48df000 rw-p 00000000 00:00 0 
b48df000-b48e0000 ---p 00000000 00:00 0 
b48e0000-b4960000 rw-p 00000000 00:00 0 
b4960000-b4963000 ---p 00000000 00:00 0 
b4963000-b49b1000 rw-p 00000000 00:00 0 
b49b1000-b49b2000 ---p 00000000 00:00 0 
b49b2000-b4a32000 rw-p 00000000 00:00 0 
b4a32000-b4a35000 ---p 00000000 00:00 0 
b4a35000-b4a83000 rw-p 00000000 00:00 0 
b4a83000-b4a86000 ---p 00000000 00:00 0 
b4a86000-b4ad4000 rw-p 00000000 00:00 0 
b4ad4000-b4ad5000 rw-s 00000000 08:01 135228     /tmp/ffikn7i6U (deleted)
b4ad5000-b4ad6000 ---p 00000000 00:00 0 
b4ad6000-b4b56000 rw-p 00000000 00:00 0 
b4b56000-b4b59000 ---p 00000000 00:00 0 
b4b59000-b4ba7000 rw-p 00000000 00:00 0 
b4ba7000-b4baa000 ---p 00000000 00:00 0 
b4baa000-b4bf8000 rw-p 00000000 00:00 0 
b4bf8000-b4bf9000 r--p 00000000 00:00 0 
b4bf9000-b4bfc000 ---p 00000000 00:00 0 
b4bfc000-b4c4a000 rw-p 00000000 00:00 0 
b4c4a000-b4c4d000 ---p 00000000 00:00 0 
b4c4d000-b4c9b000 rw-p 00000000 00:00 0 
b4c9b000-b4ca1000 r--s 000fc000 08:01 264659     /usr/lib/jvm/java-6-openjdk/jre/lib/resources.jar
b4ca1000-b4ca2000 r--s 00000000 08:01 1048821    /var/cache/fontconfig/c05880de57d1f5e948fdfacc138775d9-le32d4.cache-3
b4ca2000-b4ca8000 r--s 00000000 08:01 1057548    /var/cache/fontconfig/945677eb7aeaf62f1d50efc3fb3ec7d8-le32d4.cache-3
b4ca8000-b4caa000 r--s 00000000 08:01 1048819    /var/cache/fontconfig/99e8ed0e538f840c565b6ed5dad60d56-le32d4.cache-3
b4caa000-b4cad000 r--s 00000000 08:01 1062294    /var/cache/fontconfig/e383d7ea5fbe662a33d9b44caf393297-le32d4.cache-3
b4cad000-b4caf000 r--s 00000000 08:01 1062290    /var/cache/fontconfig/2cd17615ca594fa2959ae173292e504c-le32d4.cache-3
b4caf000-b4cb0000 r--s 00000000 08:01 1062289    /var/cache/fontconfig/e3fa16a14183b06aa45b3e009278fd14-le32d4.cache-3
b4cb0000-b4cb1000 r--s 00000000 08:01 1062288    /var/cache/fontconfig/e7071f4a29fa870f4323321c154eba04-le32d4.cache-3
b4cb1000-b4cb4000 r--s 00000000 08:01 1048815    /var/cache/fontconfig/6eb3985aa4124903f6ff08ba781cd364-le32d4.cache-3
b4cb4000-b4cb5000 r--s 00000000 08:01 1048811    /var/cache/fontconfig/4c73fe0c47614734b17d736dbde7580a-le32d4.cache-3
b4cb5000-b4cb6000 r--s 00000000 08:01 1048805    /var/cache/fontconfig/0d8c3b2ac0904cb8a57a757ad11a4a08-le32d4.cache-3
b4cb6000-b4cb7000 r--s 00000000 08:01 1048813    /var/cache/fontconfig/6a53c69dea097a2d716e069445527da8-le32d4.cache-3
b4cb7000-b4cbb000 r--s 00000000 08:01 1062287    /var/cache/fontconfig/a755afe4a08bf5b97852ceb7400b47bc-le32d4.cache-3
b4cbb000-b4cbc000 r--s 00000000 08:01 1057408    /var/cache/fontconfig/79517df041c92e3f2b4a9700e7dbe3c7-le32d4.cache-3
b4cbc000-b4cbd000 r--s 00000000 08:01 1057403    /var/cache/fontconfig/4abdb2dd99886b2b2d3168a6b22d0473-le32d4.cache-3
b4cbd000-b4cbe000 r--s 00000000 08:01 1057402    /var/cache/fontconfig/b9af901c4f3947128be824d599af5f25-le32d4.cache-3
b4cbe000-b4cbf000 r--s 00000000 08:01 1057400    /var/cache/fontconfig/a18183678af55fd6535fa2d00e080189-le32d4.cache-3
b4cbf000-b4cc1000 r--s 00000000 08:01 1057395    /var/cache/fontconfig/90e84e89a4382a8db77728561d41356d-le32d4.cache-3
b4cc1000-b4cc2000 r--s 00000000 08:01 1057394    /var/cache/fontconfig/b73ae53b2eee308c3d7feb99ac2d34cd-le32d4.cache-3
b4cc2000-b4cc3000 r--s 00000000 08:01 1057392    /var/cache/fontconfig/407fd690308a0b04640307de6deab6da-le32d4.cache-3
b4cc3000-b4cc5000 r--s 00000000 08:01 1057387    /var/cache/fontconfig/8039e78ad04dad2b193eec8c5f90bc4d-le32d4.cache-3
b4cc5000-b4cc6000 r--s 00000000 08:01 1057386    /var/cache/fontconfig/27f6fa40476fb33ad65cb210c133a216-le32d4.cache-3
b4cc6000-b4cc7000 r--s 00000000 08:01 1057382    /var/cache/fontconfig/98d684ad3abba16030bd60992dc9c5d7-le32d4.cache-3
b4cc7000-b4cc9000 r--s 00000000 08:01 1048830    /var/cache/fontconfig/9123b38b1c36356a690c2f0bc4cbf728-le32d4.cache-3
b4cc9000-b4cd0000 r--s 00000000 08:01 1062286    /var/cache/fontconfig/6d41288fd70b0be22e8c3a91e032eec0-le32d4.cache-3
b4cd0000-b4cdb000 r--s 00000000 08:01 1062281    /var/cache/fontconfig/0f34bcd4b6ee430af32735b75db7f02b-le32d4.cache-3
b4cdb000-b4cde000 r--s 00000000 08:01 1048825    /var/cache/fontconfig/d60319d88cac85ba9e1a07bd06cfbb8c-le32d4.cache-3
b4cde000-b4cdf000 r--s 00000000 08:01 1049433    /var/cache/fontconfig/4794a0821666d79190d59a36cb4f44b5-le32d4.cache-3
b4cdf000-b4d01000 r--s 00000000 08:01 1056240    /var/cache/fontconfig/365b55f210c0a22e9a19e35191240f32-le32d4.cache-3
b4d01000-b4d09000 r--s 00000000 08:01 1057499    /var/cache/fontconfig/d52a8644073d54c13679302ca1180695-le32d4.cache-3
b4d09000-b4d16000 r--s 00000000 08:01 1057583    /var/cache/fontconfig/e13b20fdb08344e0e664864cc2ede53d-le32d4.cache-3
b4d16000-b4d19000 r--s 00000000 08:01 1062280    /var/cache/fontconfig/7ef2298fde41cc6eeb7af42e48b7d293-le32d4.cache-3
b4d19000-b4d1f000 r--s 00000000 08:01 1057709    /var/cache/fontconfig/b83386915dae36184c7e3985fd26e4b1-le32d4.cache-3
b4d1f000-b4d2d000 r--s 00000000 08:01 1057584    /var/cache/fontconfig/865f88548240fee46819705c6468c165-le32d4.cache-3
b4d2d000-b4d2e000 r--s 00000000 08:01 1048821    /var/cache/fontconfig/c05880de57d1f5e948fdfacc138775d9-le32d4.cache-3
b4d2e000-b4d34000 r--s 00000000 08:01 1057548    /var/cache/fontconfig/945677eb7aeaf62f1d50efc3fb3ec7d8-le32d4.cache-3
b4d34000-b4d36000 r--s 00000000 08:01 1048819    /var/cache/fontconfig/99e8ed0e538f840c565b6ed5dad60d56-le32d4.cache-3
b4d36000-b4d39000 r--s 00000000 08:01 1062294    /var/cache/fontconfig/e383d7ea5fbe662a33d9b44caf393297-le32d4.cache-3
b4d39000-b4d3b000 r--s 00000000 08:01 1062290    /var/cache/fontconfig/2cd17615ca594fa2959ae173292e504c-le32d4.cache-3
b4d3b000-b4d3c000 r--s 00000000 08:01 1062289    /var/cache/fontconfig/e3fa16a14183b06aa45b3e009278fd14-le32d4.cache-3
b4d3c000-b4d3d000 r--s 00000000 08:01 1062288    /var/cache/fontconfig/e7071f4a29fa870f4323321c154eba04-le32d4.cache-3
b4d3d000-b4d40000 r--s 00000000 08:01 1048815    /var/cache/fontconfig/6eb3985aa4124903f6ff08ba781cd364-le32d4.cache-3
b4d40000-b4d41000 r--s 00000000 08:01 1048811    /var/cache/fontconfig/4c73fe0c47614734b17d736dbde7580a-le32d4.cache-3
b4d41000-b4d42000 r--s 00000000 08:01 1048805    /var/cache/fontconfig/0d8c3b2ac0904cb8a57a757ad11a4a08-le32d4.cache-3
b4d42000-b4d43000 r--s 00000000 08:01 1048813    /var/cache/fontconfig/6a53c69dea097a2d716e069445527da8-le32d4.cache-3
b4d43000-b4d47000 r--s 00000000 08:01 1062287    /var/cache/fontconfig/a755afe4a08bf5b97852ceb7400b47bc-le32d4.cache-3
b4d47000-b4d48000 r--s 00000000 08:01 1057408    /var/cache/fontconfig/79517df041c92e3f2b4a9700e7dbe3c7-le32d4.cache-3
b4d48000-b4d49000 r--s 00000000 08:01 1057403    /var/cache/fontconfig/4abdb2dd99886b2b2d3168a6b22d0473-le32d4.cache-3
b4d49000-b4d4a000 r--s 00000000 08:01 1057402    /var/cache/fontconfig/b9af901c4f3947128be824d599af5f25-le32d4.cache-3
b4d4a000-b4d4b000 r--s 00000000 08:01 1057400    /var/cache/fontconfig/a18183678af55fd6535fa2d00e080189-le32d4.cache-3
b4d4b000-b4d4d000 r--s 00000000 08:01 1057395    /var/cache/fontconfig/90e84e89a4382a8db77728561d41356d-le32d4.cache-3
b4d4d000-b4d4e000 r--s 00000000 08:01 1057394    /var/cache/fontconfig/b73ae53b2eee308c3d7feb99ac2d34cd-le32d4.cache-3
b4d4e000-b4d4f000 r--s 00000000 08:01 1057392    /var/cache/fontconfig/407fd690308a0b04640307de6deab6da-le32d4.cache-3
b4d4f000-b4d51000 r--s 00000000 08:01 1057387    /var/cache/fontconfig/8039e78ad04dad2b193eec8c5f90bc4d-le32d4.cache-3
b4d51000-b4d52000 r--s 00000000 08:01 1057386    /var/cache/fontconfig/27f6fa40476fb33ad65cb210c133a216-le32d4.cache-3
b4d52000-b4d53000 r--s 00000000 08:01 1057382    /var/cache/fontconfig/98d684ad3abba16030bd60992dc9c5d7-le32d4.cache-3
b4d53000-b4d55000 r--s 00000000 08:01 1048830    /var/cache/fontconfig/9123b38b1c36356a690c2f0bc4cbf728-le32d4.cache-3
b4d55000-b4d5c000 r--s 00000000 08:01 1062286    /var/cache/fontconfig/6d41288fd70b0be22e8c3a91e032eec0-le32d4.cache-3
b4d5c000-b4d67000 r--s 00000000 08:01 1062281    /var/cache/fontconfig/0f34bcd4b6ee430af32735b75db7f02b-le32d4.cache-3
b4d67000-b4d6a000 r--s 00000000 08:01 1048825    /var/cache/fontconfig/d60319d88cac85ba9e1a07bd06cfbb8c-le32d4.cache-3
b4d6a000-b4d6b000 r--s 00000000 08:01 1049433    /var/cache/fontconfig/4794a0821666d79190d59a36cb4f44b5-le32d4.cache-3
b4d6b000-b4d8d000 r--s 00000000 08:01 1056240    /var/cache/fontconfig/365b55f210c0a22e9a19e35191240f32-le32d4.cache-3
b4d8d000-b4d95000 r--s 00000000 08:01 1057499    /var/cache/fontconfig/d52a8644073d54c13679302ca1180695-le32d4.cache-3
b4d95000-b4da2000 r--s 00000000 08:01 1057583    /var/cache/fontconfig/e13b20fdb08344e0e664864cc2ede53d-le32d4.cache-3
b4da2000-b4da5000 r--s 00000000 08:01 1062280    /var/cache/fontconfig/7ef2298fde41cc6eeb7af42e48b7d293-le32d4.cache-3
b4da5000-b4dab000 r--s 00000000 08:01 1057709    /var/cache/fontconfig/b83386915dae36184c7e3985fd26e4b1-le32d4.cache-3
b4dab000-b4db9000 r--s 00000000 08:01 1057584    /var/cache/fontconfig/865f88548240fee46819705c6468c165-le32d4.cache-3
b4db9000-b4dbc000 ---p 00000000 00:00 0 
b4dbc000-b4e0a000 rw-p 00000000 00:00 0 
b4e0a000-b4e11000 r--s 0007c000 08:01 1311319    /home/phil/Dropbox/Harmonic/External Libraries/vlcj-1.1.5-javadoc.jar
b4e11000-b4e17000 r--s 00027000 08:01 1311882    /home/phil/Dropbox/Harmonic/External Libraries/vlcj-1.1.5.jar
b4e17000-b4e20000 r--s 000ba000 08:01 1311918    /home/phil/Dropbox/Harmonic/External Libraries/platform.jar
b4e20000-b4e27000 r--s 000b5000 08:01 1311917    /home/phil/Dropbox/Harmonic/External Libraries/mysql-connector-java-5.1.13-bin.jar
b4e27000-b4e2b000 r--s 000e4000 08:01 1311919    /home/phil/Dropbox/Harmonic/External Libraries/jna.jar
b4e2b000-b4e2c000 r--s 0004a000 08:01 1312978    /home/phil/Dropbox/Harmonic/External Libraries/InetAddressLocator.jar
b4e2c000-b4e34000 r--s 00066000 08:01 401292     /usr/share/java/gnome-java-bridge.jar
b4e34000-b4e37000 r--s 0000f000 08:01 264633     /usr/lib/jvm/java-6-openjdk/jre/lib/ext/pulse-java.jar
b4e37000-b4e38000 ---p 00000000 00:00 0 
b4e38000-b4eb8000 rw-p 00000000 00:00 0 
b4eb8000-b4ebb000 ---p 00000000 00:00 0 
b4ebb000-b4f09000 rw-p 00000000 00:00 0 
b4f09000-b4f0c000 ---p 00000000 00:00 0 
b4f0c000-b4f8a000 rw-p 00000000 00:00 0 
b4f8a000-b4f8d000 ---p 00000000 00:00 0 
b4f8d000-b4fdb000 rw-p 00000000 00:00 0 
b4fdb000-b4fdc000 r--p 00299000 08:01 262666     /usr/lib/locale/locale-archive
b4fdc000-b51dc000 r--p 00000000 08:01 262666     /usr/lib/locale/locale-archive
b51dc000-b51df000 ---p 00000000 00:00 0 
b51df000-b522d000 rw-p 00000000 00:00 0 
b522d000-b5230000 ---p 00000000 00:00 0 
b5230000-b527e000 rw-p 00000000 00:00 0 
b527e000-b527f000 ---p 00000000 00:00 0 
b527f000-b52ff000 rw-p 00000000 00:00 0 
b52ff000-b5301000 r--s 0001d000 08:01 264658     /usr/lib/jvm/java-6-openjdk/jre/lib/plugin.jar
b5301000-b5306000 r--s 00044000 08:01 264657     /usr/lib/jvm/java-6-openjdk/jre/lib/netx.jar
b5306000-b5338000 rw-p 00000000 00:00 0 
b5338000-b54c6000 r--s 038af000 08:01 263666     /usr/lib/jvm/java-6-openjdk/jre/lib/rt.jar
b54c6000-b54d4000 rw-p 00000000 00:00 0 
b54d4000-b54ee000 rw-p 00000000 00:00 0 
b54ee000-b54f4000 rw-p 00000000 00:00 0 
b54f4000-b5599000 rw-p 00000000 00:00 0 
b5599000-b559c000 rw-p 00000000 00:00 0 
b559c000-b55ee000 rw-p 00000000 00:00 0 
b55ee000-b55f4000 rw-p 00000000 00:00 0 
b55f4000-b5699000 rw-p 00000000 00:00 0 
b5699000-b569f000 rw-p 00000000 00:00 0 
b569f000-b56b9000 rw-p 00000000 00:00 0 
b56b9000-b56ca000 rw-p 00000000 00:00 0 
b56ca000-b5745000 rw-p 00000000 00:00 0 
b5745000-b5885000 rwxp 00000000 00:00 0 
b5885000-b7745000 rw-p 00000000 00:00 0 
b7745000-b7748000 ---p 00000000 00:00 0 
b7748000-b779f000 rw-p 00000000 00:00 0 
b779f000-b77a7000 rw-s 00000000 08:01 135226     /tmp/hsperfdata_phil/2640
b77a7000-b77a8000 rw-p 00000000 00:00 0 
b77a8000-b77a9000 r--p 00000000 00:00 0 
b77a9000-b77ab000 rw-p 00000000 00:00 0 
bfc97000-bfcb8000 rw-p 00000000 00:00 0          [stack]

VM Arguments:
jvm_args: -Dfile.encoding=UTF-8 
java_command: Harmonic
Launcher Type: SUN_STANDARD

Environment Variables:
PATH=/usr/local/sbin:/usr/local/bin:/usr/sbin:/usr/bin:/sbin:/bin:/usr/games
USERNAME=phil
LD_LIBRARY_PATH=/usr/lib/jvm/java-6-openjdk/jre/lib/i386/client:/usr/lib/jvm/java-6-openjdk/jre/lib/i386:/usr/lib/jvm/java-6-openjdk/jre/../lib/i386:/usr/lib/jvm/java-6-openjdk/jre/lib/i386/client:/usr/lib/jvm/java-6-openjdk/jre/lib/i386:/usr/lib/xulrunner-1.9.2.13:/usr/lib/xulrunner-1.9.2.13
SHELL=/bin/bash
DISPLAY=:0.0

Signal Handlers:
SIGSEGV: [libjvm.so+0x3df4f0], sa_mask[0]=0x7ffbfeff, sa_flags=0x10000004
SIGBUS: [libjvm.so+0x3df4f0], sa_mask[0]=0x7ffbfeff, sa_flags=0x10000004
SIGFPE: [libjvm.so+0x3055c0], sa_mask[0]=0x7ffbfeff, sa_flags=0x10000004
SIGPIPE: [libjvm.so+0x3055c0], sa_mask[0]=0x7ffbfeff, sa_flags=0x10000004
SIGXFSZ: [libjvm.so+0x3055c0], sa_mask[0]=0x7ffbfeff, sa_flags=0x10000004
SIGILL: [libjvm.so+0x3055c0], sa_mask[0]=0x7ffbfeff, sa_flags=0x10000004
SIGUSR1: SIG_DFL, sa_mask[0]=0x00000000, sa_flags=0x00000000
SIGUSR2: [libjvm.so+0x304c70], sa_mask[0]=0x00000004, sa_flags=0x10000004
SIGHUP: [libjvm.so+0x3077e0], sa_mask[0]=0x7ffbfeff, sa_flags=0x10000004
SIGINT: [libjvm.so+0x3077e0], sa_mask[0]=0x7ffbfeff, sa_flags=0x10000004
SIGTERM: [libjvm.so+0x3077e0], sa_mask[0]=0x7ffbfeff, sa_flags=0x10000004
SIGQUIT: [libjvm.so+0x3077e0], sa_mask[0]=0x7ffbfeff, sa_flags=0x10000004


---------------  S Y S T E M  ---------------

OS:Ubuntu 10.10 (maverick)
uname:Linux 2.6.35-24-generic #42-Ubuntu SMP Thu Dec 2 01:41:57 UTC 2010 i686
libc:glibc 2.12.1 NPTL 2.12.1 
rlimit: STACK 8192k, CORE 0k, NPROC infinity, NOFILE 1024, AS infinity
load average:1.78 1.04 0.60

/proc/meminfo:
MemTotal:        1543332 kB
MemFree:          347392 kB
Buffers:           83344 kB
Cached:           529680 kB
SwapCached:            0 kB
Active:           732204 kB
Inactive:         417172 kB
Active(anon):     536640 kB
Inactive(anon):     4516 kB
Active(file):     195564 kB
Inactive(file):   412656 kB
Unevictable:           0 kB
Mlocked:               0 kB
HighTotal:        663496 kB
HighFree:           1088 kB
LowTotal:         879836 kB
LowFree:          346304 kB
SwapTotal:       1086460 kB
SwapFree:        1086460 kB
Dirty:               240 kB
Writeback:             0 kB
AnonPages:        536376 kB
Mapped:           129780 kB
Shmem:              4788 kB
Slab:              29892 kB
SReclaimable:      20484 kB
SUnreclaim:         9408 kB
KernelStack:        2848 kB
PageTables:         6032 kB
NFS_Unstable:          0 kB
Bounce:                0 kB
WritebackTmp:          0 kB
CommitLimit:     1858124 kB
Committed_AS:    1716460 kB
VmallocTotal:     122880 kB
VmallocUsed:       26532 kB
VmallocChunk:      91636 kB
HardwareCorrupted:     0 kB
HugePages_Total:       0
HugePages_Free:        0
HugePages_Rsvd:        0
HugePages_Surp:        0
Hugepagesize:       4096 kB
DirectMap4k:       12280 kB
DirectMap4M:      897024 kB


CPU:total 1 (1 cores per cpu, 1 threads per core) family 6 model 26 stepping 5, cmov, cx8, fxsr, mmx, sse, sse2, sse3, ssse3

Memory: 4k page, physical 1543332k(347392k free), swap 1086460k(1086460k free)

vm_info: OpenJDK Client VM (19.0-b09) for linux-x86 JRE (1.6.0_20-b20), built on Dec 10 2010 20:09:29 by "buildd" with gcc 4.4.5

time: Wed Jan 19 16:49:35 2011
elapsed time: 64 seconds

